<?xml version="1.0" encoding="UTF-8"?>
<testsuite xmlns:xsi="http://www.w3.org/2001/XMLSchema-instance" xsi:noNamespaceSchemaLocation="https://maven.apache.org/surefire/maven-surefire-plugin/xsd/surefire-test-report.xsd" name="org.example.AppTest" time="0.753" tests="3" errors="2" skipped="0" failures="0">
  <properties>
[...]
</properties>
  <testcase name="bestShouldReturnAny" classname="org.example.AppTest" time="0.703"/>
  <testcase name="bestShouldReturnOne" classname="org.example.AppTest" time="0.011">
    <error message="java.lang.RuntimeException: java.net.BindException: Address already in use" type="com.github.tomakehurst.wiremock.common.FatalStartupException">com.github.tomakehurst.wiremock.common.FatalStartupException: java.lang.RuntimeException: java.net.BindException: Address already in use
	at org.example.AppTest.setUp(AppTest.java:25)
Caused by: java.lang.RuntimeException: java.net.BindException: Address already in use
	at org.example.AppTest.setUp(AppTest.java:25)
Caused by: java.net.BindException: Address already in use
	at org.example.AppTest.setUp(AppTest.java:25)
</error>
  </testcase>
  <testcase name="bestShouldReturnTwo" classname="org.example.AppTest" time="0.006">
    <error message="java.lang.RuntimeException: java.net.BindException: Address already in use" type="com.github.tomakehurst.wiremock.common.FatalStartupException">com.github.tomakehurst.wiremock.common.FatalStartupException: java.lang.RuntimeException: java.net.BindException: Address already in use
	at org.example.AppTest.setUp(AppTest.java:25)
Caused by: java.lang.RuntimeException: java.net.BindException: Address already in use
	at org.example.AppTest.setUp(AppTest.java:25)
Caused by: java.net.BindException: Address already in use
	at org.example.AppTest.setUp(AppTest.java:25)
</error>
  </testcase>
</testsuite>